 ******************************************************* 
 * ODRPACK VERSION 2.01 OF 06-19-92 (SINGLE PRECISION) * 
 ******************************************************* 


 *** INITIAL SUMMARY FOR FIT BY METHOD OF ODR ***

 --- PROBLEM SIZE:
            N =    20          (NUMBER WITH NONZERO WEIGHT =    20)
           NQ =     1
            M =     2
           NP =     5          (NUMBER UNFIXED =     5)

 --- CONTROL VALUES:
          JOB = 00001
              = ABCDE, WHERE
                       A=0 ==> FIT IS NOT A RESTART.
                       B=0 ==> DELTAS ARE INITIALIZED TO ZERO.
                       C=0 ==> COVARIANCE MATRIX WILL BE COMPUTED USING
                               DERIVATIVES RE-EVALUATED AT THE SOLUTION.
                       D=0 ==> DERIVATIVES ARE ESTIMATED BY FORWARD DIFFERENCES.
                       E=1 ==> METHOD IS IMPLICIT ODR.
       NDIGIT =     7          (ESTIMATED BY ODRPACK)
       TAUFAC =     1.00E+00

 --- STOPPING CRITERIA:
        SSTOL =     3.45E-04   (SUM OF SQUARES STOPPING TOLERANCE)
       PARTOL =     4.92E-03   (PARAMETER STOPPING TOLERANCE)
        MAXIT =   100          (MAXIMUM NUMBER OF ITERATIONS)

 --- INITIAL SUM OF SQUARED WEIGHTED DELTAS =                    0.00000000E+00
         INITIAL PENALTY FUNCTION VALUE     =   8.39823604E-01
                 PENALTY TERM               =   8.39823604E-01
                 PENALTY PARAMETER          =   1.0E+01

 --- FUNCTION PARAMETER SUMMARY:

       INDEX         BETA(K)    FIXED           SCALE    DERIVATIVE
                                                          STEP SIZE
         (K)                  (IFIXB)          (SCLB)        (STPB)

           1 -1.00000000E+00       NO  1.00000000E+00   3.16228E-06
           2 -3.00000000E+00       NO  3.33333343E-01   3.16228E-06
           3  9.00000036E-02       NO  1.11111107E+01   3.16228E-06
           4  1.99999996E-02       NO  5.00000000E+01   3.16228E-06
           5  7.99999982E-02       NO  1.25000000E+01   3.16228E-06

 --- EXPLANATORY VARIABLE AND DELTA WEIGHT SUMMARY:

       INDEX      X(I,J)  DELTA(I,J)    FIXED     SCALE    WEIGHT    DERIVATIVE
                                                                      STEP SIZE
       (I,J)                          (IFIXX)    (SCLD)      (WD)        (STPD)

         1,1   5.000E-01   0.000E+00       NO  2.00E+00  1.00E+00   3.16228E-06
         N,1  -3.440E+00   0.000E+00       NO  2.91E-01  1.00E+00   3.16228E-06
 
         1,2  -1.200E-01   0.000E+00       NO  8.33E+00  1.00E+00   3.16228E-06
         N,2  -4.860E+00   0.000E+00       NO  2.06E-01  1.00E+00   3.16228E-06

 *** FINAL SUMMARY FOR FIT BY METHOD OF ODR ***

 --- STOPPING CONDITIONS:
         INFO =     2 ==> PARAMETER CONVERGENCE.
        NITER =     7          (NUMBER OF ITERATIONS)
         NFEV =    93          (NUMBER OF FUNCTION EVALUATIONS)
        IRANK =     0          (RANK DEFICIENCY)
        RCOND =     3.18E-02   (INVERSE CONDITION NUMBER)
        ISTOP =     0          (RETURNED BY USER FROM SUBROUTINE FCN)

 --- FINAL SUM OF SQUARED WEIGHTED DELTAS =                     8.77438113E-02
         FINAL PENALTY FUNCTION VALUE     =    8.79950598E-02
               PENALTY TERM               =    2.51248130E-04
               PENALTY PARAMETER          =    1.0E+03

 --- RESIDUAL STANDARD DEVIATION          =                     7.64825940E-02
         DEGREES OF FREEDOM               =   15

 --- ESTIMATED BETA(J), J = 1, ..., NP:

                     BETA      S.D. BETA    ---- 95%  CONFIDENCE INTERVAL ----

       1  -9.99449492E-01     1.1122E-01    -1.23654592E+00 TO -7.62353063E-01
       2  -2.93097591E+00     1.0961E-01    -3.16463876E+00 TO -2.69731307E+00
       3   8.75710770E-02     4.1000E-03     7.88310617E-02 TO  9.63110924E-02
       4   1.62313301E-02     2.7459E-03     1.03777088E-02 TO  2.20849514E-02
       5   7.97512010E-02     3.4912E-03     7.23089278E-02 TO  8.71934742E-02
