1979.99863014 339.490 339.138
1979.99863014 338.570 339.138
1980.10826503 341.560 341.405
1980.10826503 342.210 341.405
1980.11615817 342.000 341.564
1980.11615817 341.760 341.564
1980.15474158 341.430 342.178
1980.15474158 340.890 342.178
1980.16507286 341.670 342.286
1980.16507286 342.580 342.286
1980.18148528 341.830 342.405
1980.19512751 343.330 342.455
1980.19512751 343.460 342.455
1980.20064891 343.810 342.464
1980.21149059 343.690 342.463
1980.21983151 343.760 342.448
1980.23884335 341.150 342.380
1980.23884335 341.200 342.380
1980.25872799 340.970 342.276
1980.25872799 340.650 342.276
1980.27436248 343.000 342.187
1980.27436248 343.400 342.187
1980.30437917 340.560 342.038
1980.30437917 341.620 342.038
1980.31261384 343.140 342.005
1980.37004781 340.910 341.813
1980.37004781 341.650 341.813
1980.40881147 341.480 341.520
1980.40881147 341.840 341.520
1980.45816257 340.690 340.563
1980.74692623 334.620 334.282
1980.75253301 335.170 334.451
1980.77163024 332.950 335.081
1980.77163024 336.070 335.081
1980.78551913 336.640 335.580
1980.78551913 333.860 335.580
1980.80470173 335.910 336.307
1980.80470173 336.280 336.307
1980.82943420 337.590 337.261
1980.82943420 338.380 337.261
1980.87844376 337.470 338.942
1980.88962887 339.370 339.240
1980.88962887 339.940 339.240
1980.90058629 339.630 339.490
1980.90058629 340.170 339.490
1980.90903916 340.180 339.653
1980.90903916 340.110 339.653
1980.99311248 341.020 340.105
1980.99857696 338.820 340.105
1980.99857696 338.930 340.105
1981.00742009 337.840 340.114
1981.00742009 339.590 340.114
1981.01211948 339.900 340.123
1981.01211948 340.850 340.123
1981.01215753 340.090 340.123
1981.01215753 339.630 340.123
1981.01783676 338.930 340.141
1981.01783676 339.190 340.141
1981.03755708 339.040 340.268
1981.03755708 339.410 340.268
1981.05614536 339.390 340.493
1981.05614536 339.900 340.493
1981.07031964 342.210 340.736
1981.07031964 342.440 340.736
1981.10821918 341.980 341.606
1981.10821918 340.120 341.606
1981.12762557 343.480 342.100
1981.12762557 343.690 342.100
1981.13287671 342.620 342.231
1981.13287671 340.980 342.231
1981.15262557 341.700 342.693
1981.15262557 342.600 342.693
1981.15536530 340.370 342.752
1981.15536530 340.600 342.752
1981.16027397 342.170 342.854
1981.16027397 342.480 342.854
1981.17933790 344.200 343.206
1981.20953196 343.080 343.616
1981.20953196 343.980 343.616
1981.22865297 343.340 343.800
1981.23424658 344.850 343.846
1981.23424658 345.360 343.846
1981.24520548 345.400 343.928
1981.26974886 342.660 344.081
1981.26974886 343.830 344.081
1981.28082192 343.600 344.134
1981.28082192 343.690 344.134
1981.34198059 344.120 344.025
1981.38789954 343.220 343.079
1981.38789954 342.640 343.079
1981.42340183 342.990 341.772
1981.42340183 343.530 341.772
1981.48082192 336.730 339.259
1981.49178082 340.200 338.806
1981.49178082 340.100 338.806
1981.49726027 338.460 338.586
1981.49726027 338.500 338.586
1981.50011415 337.920 338.474
1981.50011415 338.830 338.474
1981.51095890 339.420 338.059
1981.51095890 339.400 338.059
1981.51929224 336.910 337.753
1981.51929224 336.440 337.753
1981.57671233 336.770 335.850
1981.57671233 334.610 335.850
1981.59863014 335.630 335.192
1981.59863014 335.970 335.192
1981.72795852 333.870 334.486
1981.72795852 332.840 334.486
1981.73013699 333.180 334.537
1981.73013699 333.340 334.537
1981.78224886 338.120 336.035
1981.80950343 335.610 336.856
1981.80950343 335.040 336.856
1981.81775114 336.850 337.098
1981.81775114 336.550 337.098
1981.82856735 336.980 337.410
1981.82856735 336.720 337.410
1981.86438356 337.110 338.423
1981.86438356 337.090 338.423
1981.87529490 339.780 338.730
1981.87529490 339.890 338.730
1981.88081240 340.860 338.885
1981.90545091 337.940 339.569
1981.90545091 338.360 339.569
1981.91367009 337.580 339.790
1981.91367009 337.180 339.790
1981.91912101 338.740 339.934
1981.91912101 338.030 339.934
1981.93273402 342.450 340.278
1981.95205480 341.320 340.724
1981.95205480 341.800 340.724
1981.95755327 340.950 340.840
1982.02873858 341.850 341.944
1982.02873858 341.680 341.944
1982.03970700 342.280 342.078
1982.03970700 342.250 342.078
1982.04793569 342.000 342.179
1982.04793569 342.650 342.179
1982.07283105 340.670 342.502
1982.07283105 340.810 342.502
1982.08916476 342.450 342.737
1982.08916476 342.280 342.737
1982.09430175 343.410 342.815
1982.09430175 343.400 342.815
1982.14660388 344.600 343.763
1982.15465183 342.160 343.934
1982.16576294 344.820 344.179
1982.17100457 342.930 344.298
1982.17100457 342.910 344.298
1982.26700913 346.640 346.104
1982.26700913 346.760 346.104
1982.28630137 346.640 346.135
1982.28630137 346.040 346.135
1982.30538432 345.810 346.005
1982.30538432 346.160 346.005
1982.33820396 347.500 345.471
1982.33820396 347.930 345.471
1982.36020738 342.350 344.984
1982.36020738 342.380 344.984
1982.37992770 343.400 344.512
1982.37992770 343.790 344.512
1982.39859209 342.150 344.043
1982.39859209 341.920 344.043
1982.41808409 344.610 343.501
1982.41808409 344.600 343.501
1982.43732877 343.430 342.858
1982.43732877 343.630 342.858
1982.45616438 342.700 342.059
1982.45616438 342.620 342.059
1982.47511416 340.770 341.035
1982.47511416 341.100 341.035
1982.51406963 338.600 338.239
1982.51406963 338.250 338.239
1982.53013699 339.290 336.918
1982.53013699 339.540 336.918
1982.55234018 334.330 335.125
1982.55234018 333.230 335.125
1982.55793379 334.260 334.703
1982.55793379 334.300 334.703
1982.57697869 331.180 333.432
1982.57697869 331.520 333.432
1982.64250380 331.190 331.963
1982.64250380 331.160 331.963
1982.64842085 334.870 332.064
1982.64842085 334.660 332.064
1982.65355784 334.860 332.179
1982.65355784 334.860 332.179
1982.66427892 333.340 332.488
1982.66427892 333.430 332.488
1982.67248858 332.350 332.783
1982.67248858 332.250 332.783
1982.68361872 335.550 333.250
1982.68361872 335.590 333.250
1982.72174657 334.770 335.221
1982.72174657 334.660 335.221
1982.74155251 333.380 336.362
1982.78287671 340.300 338.799
1982.78287671 340.440 338.799
1982.79657534 340.990 339.596
1982.79657534 340.430 339.596
1982.80485160 341.250 340.067
1982.80485160 341.640 340.067
1982.81866438 342.110 340.828
1982.81866438 342.140 340.828
1982.84043950 340.470 341.934
1982.84043950 340.410 341.934
1982.85405251 341.830 342.544
1982.85405251 342.300 342.544
1982.91164384 343.820 344.201
1982.91164384 344.270 344.201
1982.91986301 343.620 344.317
1982.91986301 343.990 344.317
1982.93301941 345.380 344.453
1982.93301941 345.350 344.453
1982.94997146 345.180 344.565
1982.94997146 345.580 344.565
1982.95820015 345.400 344.603
1982.95820015 345.520 344.603
1982.99103881 343.850 344.746
1983.01033105 344.840 344.870
1983.01855023 344.870 344.936
1983.01855023 345.010 344.936
1983.04868721 343.990 345.213
1983.04868721 343.850 345.213
1983.06212899 346.510 345.329
1983.07328767 342.680 345.406
1983.07328767 342.710 345.406
1983.08982116 347.660 345.474
1983.10348174 347.260 345.477
1983.10348174 346.800 345.477
1983.11729452 345.250 345.428
1983.11729452 345.240 345.428
1983.12822489 346.700 345.357
1983.12822489 346.480 345.357
1983.14183790 345.090 345.236
1983.14183790 344.610 345.236
1983.16923516 346.310 344.958
1983.16923516 346.320 344.958
1983.17945205 342.280 344.869
1983.17945205 342.440 344.869
1983.19315069 344.730 344.784
1983.19315069 344.640 344.784
1983.22676941 344.700 344.811
1983.22676941 344.910 344.811
1983.24303653 344.750 344.948
1983.24303653 344.680 344.948
1983.26227169 345.440 345.180
1983.26227169 345.230 345.180
1983.27591324 345.080 345.360
1983.27591324 345.010 345.360
1983.29786910 346.200 345.614
1983.29786910 346.050 345.614
1983.31429794 346.560 345.731
1983.31429794 346.540 345.731
1983.33321918 345.600 345.753
1983.33321918 345.770 345.753
1983.37374429 345.150 345.381
1983.37374429 344.890 345.381
1983.38224886 345.290 345.246
1983.38224886 345.460 345.246
1983.39332192 345.470 345.052
1983.39332192 345.410 345.052
1983.42614155 343.450 344.421
1983.42614155 343.880 344.421
1983.44763128 343.960 344.003
1983.44763128 344.240 344.003
1983.53624429 341.650 341.893
1983.53624429 341.850 341.893
1983.54944825 341.730 341.438
1983.54944825 341.700 341.438
1983.60682078 339.410 339.140
1983.60682078 339.280 339.140
1983.64033485 337.450 337.923
1983.64033485 337.860 337.923
1983.65610731 337.160 337.498
1983.66986301 335.490 337.238
1983.66986301 335.780 337.238
1983.68415145 338.100 337.093
1983.68415145 338.240 337.093
1983.69509132 338.070 337.075
1983.69509132 338.000 337.075
1983.73055556 337.090 337.592
1983.73055556 337.110 337.592
1983.75553653 338.550 338.432
1983.75553653 338.460 338.432
1983.76878805 338.970 338.997
1983.76878805 338.830 338.997
1983.78531202 339.900 339.774
1983.83163052 341.070 341.981
1983.83163052 341.070 341.981
1983.86780822 344.490 343.292
1983.88687215 344.600 343.768
1983.90837139 345.450 344.151
1983.92484779 343.080 344.373
1983.92484779 342.810 344.373
1983.94109589 342.930 344.566
1983.94109589 342.860 344.566
1983.97988014 346.300 345.092
1983.97988014 346.380 345.092
1984.00147996 343.300 345.490
1984.00147996 343.520 345.490
1984.01563449 344.860 345.796
1984.01563449 344.570 345.796
1984.02939056 349.110 346.120
1984.02939056 348.830 346.120
1984.04027209 346.330 346.388
1984.05122951 347.660 346.661
1984.05122951 347.330 346.661
1984.07525046 347.130 347.241
1984.10811324 347.230 347.873
1984.12500000 346.920 348.073
1984.14687690 349.140 348.171
1984.14687690 349.320 348.171
1984.17657104 348.540 347.997
1984.17657104 348.420 347.997
1984.18778461 345.660 347.851
1984.21180556 348.940 347.444
1984.21180556 348.900 347.444
1984.22337963 349.580 347.233
1984.22337963 349.690 347.233
1984.23685109 347.410 347.006
1984.24772313 345.360 346.855
1984.24772313 345.480 346.855
1984.29388661 346.770 346.783
1984.32709092 345.990 347.318
1984.32709092 345.900 347.318
1984.33815270 347.840 347.541
1984.33815270 347.870 347.541
1984.35980191 346.440 347.915
1984.35980191 346.490 347.915
1984.37388054 348.740 348.042
1984.37388054 348.700 348.042
1984.39036885 349.360 348.006
1984.43394240 347.630 346.725
1984.43394240 347.650 346.725
1984.44102914 346.780 346.363
1984.44102914 347.030 346.363
1984.46371243 344.900 345.015
1984.46371243 344.900 345.015
1984.47458447 342.130 344.308
1984.47458447 342.240 344.308
1984.52084282 341.900 341.484
1984.52084282 341.740 341.484
1984.55068875 338.080 340.201
1984.55068875 338.250 340.201
1984.56162720 340.570 339.861
1984.56162720 340.910 339.861
1984.69606671 339.080 339.000
1984.69606671 339.000 339.000
1984.71265938 339.790 339.213
1984.71265938 339.500 339.213
1984.72326579 337.790 339.395
1984.72326579 337.720 339.395
1984.73418526 339.050 339.618
1984.73418526 339.160 339.618
1984.75042691 339.860 340.016
1984.75042691 339.510 340.016
1984.76710496 342.760 340.496
1984.76710496 342.480 340.496
1984.78899135 341.340 341.213
1984.78899135 341.530 341.213
1984.80487249 339.880 341.779
1984.83234669 343.260 342.811
1984.83234669 343.600 342.811
1984.90046296 344.500 345.318
1984.90046296 344.700 345.318
1984.91655282 344.570 345.804
1984.91655282 345.010 345.804
1984.94188297 348.510 346.399
1984.94188297 348.580 346.399
1984.95508880 345.580 346.610
1984.95508880 345.590 346.610
1984.97956512 347.230 346.811
1984.97956512 347.290 346.811
1985.07551370 346.130 346.666
1985.07551370 345.960 346.666
1985.14412100 348.370 348.268
1985.14412100 348.400 348.268
1985.20759132 350.550 350.407
1985.20759132 350.450 350.407
1985.28053653 351.850 350.826
1985.28053653 351.730 350.826
1985.31419330 348.150 350.189
1985.31419330 347.930 350.189
1985.35291096 350.650 349.140
1985.35291096 350.570 349.140
1985.38590183 348.220 348.159
1985.38590183 348.040 348.159
1985.43177321 345.990 346.726
1985.43177321 346.390 346.726
1985.44563356 346.730 346.249
1985.44563356 346.240 346.249
1985.64823630 337.390 338.232
1985.64823630 336.960 338.232
1985.69550038 340.020 339.938
1985.69550038 340.230 339.938
1985.70555746 338.260 340.498
1985.70555746 338.440 340.498
1985.71652587 342.750 341.149
1985.71652587 342.390 341.149
1985.80810502 345.880 345.937
1985.80810502 346.330 345.937
1985.81358447 349.270 346.129
1985.81358447 348.960 346.129
1985.81906393 345.170 346.310
1985.81906393 344.700 346.310
1985.90616438 348.980 348.414
1985.90616438 348.990 348.414
1986.06700913 349.720 349.778
1986.06700913 349.570 349.778
1986.07317352 350.490 349.721
1986.07899543 350.210 349.661
1986.21210046 348.160 349.648
1986.21210046 347.990 349.648
1986.21803653 350.640 349.766
1986.21803653 351.120 349.766
1986.39931507 349.450 350.405
1986.39931507 349.670 350.405
1986.41025495 350.020 350.357
1986.41025495 350.270 350.357
1986.44051560 351.010 350.237
1986.44051560 350.910 350.237
1986.45147451 350.090 350.173
1986.45147451 349.900 350.173
1986.48994483 350.150 349.683
1986.48994483 350.240 349.683
1986.58320015 346.340 346.693
1986.59416857 346.080 346.339
1986.61311834 345.770 345.822
1986.61311834 346.100 345.822
1986.62429604 344.610 345.585
1986.65706811 345.890 345.215
1986.96004566 349.190 348.926
1987.01210046 347.960 348.464
1987.01210046 347.900 348.464
1987.05939878 349.100 348.450
1987.09991438 348.170 349.019
1987.09991438 348.550 349.019
1987.11900685 348.690 349.477
1987.14092466 350.860 350.119
1987.14092466 350.640 350.119
1987.15462329 351.030 350.564
1987.15462329 351.400 350.564
1987.19297945 351.730 351.841
1987.19297945 351.440 351.841
1987.25844749 353.560 353.281
1987.25844749 353.690 353.281
1987.45639269 347.510 348.491
1987.48099315 348.750 348.196
1987.50325342 347.520 348.011
1987.50325342 347.250 348.011
1987.52174657 347.830 347.825
1987.53818493 348.870 347.571
1987.57976788 344.680 346.333
1987.61809932 347.280 344.529
1987.66466895 340.510 342.544
1987.70302511 342.690 342.132
1987.71397831 341.150 342.288
1987.71397831 341.140 342.288
1987.75252093 344.430 343.679
1987.75252093 344.390 343.679
1987.77140411 344.690 344.686
1987.77140411 344.670 344.686
1987.79061073 345.400 345.783
1987.79061073 345.560 345.783
1987.80979833 348.860 346.850
1987.82905251 348.060 347.811
1987.82905251 348.030 347.811
1987.84561454 346.620 348.511
1987.86718975 349.290 349.229
1987.86718975 349.260 349.229
1987.88605403 350.390 349.691
1987.88605403 350.740 349.691
1987.90541286 348.580 350.038
1987.90541286 348.390 350.038
1987.92498097 351.470 350.306
1987.94417808 350.860 350.538
1987.94417808 350.900 350.538
1987.99871195 351.160 351.348
1987.99871195 351.510 351.348
1988.02055821 351.390 351.778
1988.02055821 351.440 351.778
1988.05872420 351.810 352.540
1988.05872420 351.670 352.540
1988.07783660 351.920 352.842
1988.07783660 352.130 352.842
1988.09740437 355.590 353.046
1988.09740437 355.350 353.046
1988.11587925 353.700 353.133
1988.11587925 353.420 353.133
1988.14388851 352.830 353.106
1988.14388851 353.220 353.106
1988.16253036 353.810 353.043
1988.16253036 353.810 353.043
1988.19517494 351.390 353.023
1988.20088595 351.320 353.045
1988.20088595 351.190 353.045
1988.21216606 352.900 353.116
1988.21216606 353.080 353.116
1988.23132969 352.880 353.317
1988.23132969 352.880 353.317
1988.28821721 355.180 354.081
1988.32678734 352.730 354.097
1988.32678734 353.060 354.097
1988.36448467 355.160 353.471
1988.36448467 355.350 353.471
1988.38378491 353.110 352.998
1988.38378491 352.680 352.998
1988.45481937 350.210 351.520
1988.45481937 350.010 351.520
1988.46056846 352.050 351.444
1988.46056846 351.700 351.444
1988.49831702 351.270 351.002
1988.55078362 351.780 350.048
1988.57501138 346.710 349.354
1988.61362325 348.340 348.050
1988.63572974 347.380 347.332
1988.63572974 346.930 347.332
1988.67088646 348.690 346.501
1988.67088646 348.770 346.501
1988.68995143 345.390 346.312
1988.71178089 345.820 346.385
1988.72821608 346.630 346.659
1988.72821608 346.430 346.659
1988.74733417 347.360 347.209
1988.74733417 347.580 347.209
1988.77437766 347.650 348.343
1988.78579425 347.110 348.913
1988.78579425 347.120 348.913
1988.81038631 351.370 350.220
1988.81038631 350.930 350.220
1988.82424484 351.880 350.954
1988.99622040 354.680 354.664
1989.03465753 355.480 354.431
1989.03465753 355.130 354.431
1989.05377854 352.940 354.313
1989.05377854 352.880 354.313
1989.07286720 356.000 354.267
1989.07286720 355.890 354.267
1989.11106735 353.160 354.603
1989.11106735 353.520 354.603
1989.24515791 359.760 358.207
1989.24515791 359.860 358.207
1989.32202245 354.780 356.954
1989.32202245 354.410 356.954
1989.34719178 358.790 356.321
1989.34719178 358.750 356.321
1989.36031963 355.980 356.008
1989.36031963 355.850 356.008
1989.39874429 355.130 355.112
1989.39874429 355.280 355.112
1989.46166857 353.330 353.000
1989.46166857 353.810 353.000
1989.47539003 352.710 352.356
1989.47539003 352.240 352.356
1989.53294711 348.670 349.226
1989.53294711 349.070 349.226
1990.52722603 350.840 351.000
1990.52722603 350.850 351.000
1990.77933790 352.750 352.558
1990.77933790 352.760 352.558
1990.82871005 354.970 354.983
1990.82871005 355.400 354.983
1990.84785008 355.890 355.803
1990.84785008 355.750 355.803
1990.86695966 355.030 356.511
1990.86695966 355.300 356.511
1990.96295282 360.580 358.166
1990.96295282 360.800 358.166
1990.98196347 355.000 358.205
1990.98196347 355.300 358.205
1991.00407154 356.060 358.185
1991.00407154 356.280 358.185
1991.03968227 359.780 358.047
1991.03968227 359.760 358.047
1991.05886796 356.500 357.937
1991.05886796 356.780 357.937
1991.07793189 359.570 357.830
1991.07793189 359.180 357.830
1991.11903539 358.140 357.795
1991.15468037 357.810 358.274
1991.15468037 357.640 358.274
1991.19571918 356.940 359.518
1991.19571918 356.550 359.518
1991.21490677 362.740 360.206
1991.21490677 362.550 360.206
1991.27513318 361.260 361.358
1991.27513318 361.310 361.358
1991.29432078 361.190 361.160
1991.29432078 361.270 361.160
1991.35736682 359.740 359.439
1991.35736682 360.030 359.439
1991.39307458 356.990 358.863
1991.39307458 356.910 358.863
1991.45048516 358.950 358.862
1991.45048516 358.930 358.862
1991.46696157 361.570 358.707
1991.46696157 361.660 358.707
1991.48340373 358.630 358.329
1991.48340373 358.560 358.329
1991.49983828 356.330 357.687
1991.49983828 356.750 357.687
1991.51899734 357.050 356.610
1991.51899734 357.170 356.610
1991.53815259 357.900 355.260
1991.53815259 358.360 355.260
1991.57379186 349.590 352.534
1991.57379186 349.470 352.534
1991.67241248 351.010 349.576
1991.67241248 350.920 349.576
1991.71343227 350.410 350.465
1991.71343227 350.310 350.465
1991.73536910 351.290 351.088
1991.73536910 351.150 351.088
1991.75203577 350.190 351.565
1991.75203577 350.080 351.565
1991.76831240 352.170 352.013
1991.76831240 352.170 352.013
1991.79047374 352.130 352.570
1991.79047374 352.480 352.570
1991.86695205 353.950 353.683
1991.86695205 353.770 353.683
1991.98760464 354.250 355.355
1991.98760464 354.490 355.355
1992.00677368 354.250 356.152
1992.00677368 354.160 356.152
1992.03451351 359.640 357.440
1992.03451351 359.210 357.440
1994.75756278 354.390 354.325
1994.75756278 354.130 354.325
1994.75760655 354.130 354.327
1994.75760655 354.180 354.327
1995.00729642 362.140 360.752
1995.00729642 362.010 360.752
1995.02650304 358.440 360.660
1995.02650304 358.640 360.660
1995.06483067 360.510 360.722
1995.06483067 360.550 360.722
1995.08627283 361.580 360.932
1995.08627283 361.500 360.932
1995.11143836 360.680 361.293
1995.11143836 361.010 361.293
1995.12462329 361.930 361.503
1995.12462329 361.640 361.503
1995.14104642 362.600 361.759
1995.14104642 362.740 361.759
1995.16351788 362.950 362.064
1995.16351788 362.930 362.064
1995.17942542 362.810 362.236
1995.17942542 362.940 362.236
1995.19860540 361.420 362.394
1995.19860540 361.540 362.394
1995.37102359 363.320 363.382
1995.37102359 363.440 363.382
1995.39298326 363.350 363.276
1995.39298326 363.330 363.276
1995.40948440 361.870 363.067
1995.40948440 361.920 363.067
1995.43411339 362.740 362.490
1995.43411339 362.710 362.490
1995.45050419 361.910 361.905
1995.45050419 361.910 361.905
1995.46697679 361.680 361.147
1995.46697679 361.630 361.147
1995.48886035 360.620 359.899
1995.48886035 360.440 359.899
1995.50531773 358.680 358.818
1995.50531773 358.740 358.818
1995.54699391 356.640 355.931
1995.54699391 356.740 355.931
1995.57112823 353.160 354.491
1995.57112823 353.100 354.491
1995.67796804 354.100 353.627
1995.67796804 353.960 353.627
1995.69711758 354.350 354.255
1995.69711758 354.290 354.255
1995.71632420 355.830 354.983
1995.71632420 355.780 354.983
1995.73557268 355.610 355.771
1995.73557268 355.310 355.771
1995.75477550 356.620 356.596
1995.75477550 356.690 356.596
1995.77394406 357.340 357.447
1995.77394406 357.310 357.447
1995.79311263 357.790 358.318
1995.79311263 357.780 358.318
1995.81226218 358.740 359.195
1995.81226218 358.630 359.195
1995.83149734 360.660 360.057
1995.83149734 360.540 360.057
1995.85337709 360.270 360.970
1995.85337709 360.170 360.970
1995.86982877 362.250 361.577
1995.86982877 362.310 361.577
1995.88898402 361.820 362.167
1995.88898402 361.850 362.167
1995.90817542 362.590 362.618
1995.90817542 362.750 362.618
1995.92741058 365.450 362.931
1995.92741058 365.300 362.931
1995.94701294 362.420 363.125
1995.94701294 362.320 363.125
1995.96571537 361.580 363.226
1995.96571537 361.470 363.226
1995.98769026 363.460 363.287
1995.98769026 363.310 363.287
1996.14340468 364.020 364.203
1996.14340468 363.980 364.203
1996.15980760 363.790 364.406
1996.15980760 363.690 364.406
1996.17613464 364.940 364.632
1996.17613464 364.930 364.632
1996.19533622 365.650 364.925
1996.19533622 365.590 364.925
1996.21450744 364.590 365.231
1996.21450744 364.660 365.231
1996.25538289 366.450 365.827
1996.25538289 366.380 365.827
1996.27438145 365.420 366.025
1996.27438145 365.270 366.025
1996.29080335 366.830 366.137
1996.29080335 366.730 366.137
1996.30993283 365.770 366.195
1996.30993283 365.860 366.195
1996.34823543 366.260 366.117
1996.34823543 366.200 366.117
1996.37009525 366.560 366.012
1996.37009525 366.570 366.012
1996.38646972 365.810 365.934
1996.38646972 365.820 365.934
1996.40558022 364.660 365.858
1996.42523338 366.800 365.799
1996.42523338 366.750 365.799
1996.44379933 365.980 365.747
1996.44379933 365.910 365.747
1996.46298194 365.190 365.667
1996.46298194 365.290 365.667
1996.50124279 364.350 365.252
1996.50124279 364.390 365.252
1996.52042540 365.420 364.830
1996.52042540 365.140 364.830
1996.53950364 367.330 364.234
1996.53950364 367.200 364.234
1996.56130465 362.500 363.340
1996.56130465 362.510 363.340
1996.57774932 361.300 362.543
1996.57774932 361.230 362.543
1996.63500873 360.260 359.600
1996.63500873 360.290 359.600
1996.65410405 360.530 358.834
1996.65410405 360.660 358.834
1996.67331322 357.090 358.297
1996.67331322 356.850 358.297
1996.71160443 358.390 358.034
1996.71160443 358.350 358.034
1996.73349271 358.590 358.322
1996.73349271 358.820 358.322
1996.74982165 356.170 358.682
1996.74982165 356.120 358.682
1996.77172511 361.170 359.270
1996.77172511 361.330 359.270
1996.79086976 359.790 359.809
1996.79086976 359.730 359.809
1996.80776601 359.690 360.262
1996.80776601 359.600 360.262
1996.82970173 361.820 360.791
1996.82970173 361.720 360.791
1996.84558098 362.180 361.135
1996.84558098 361.980 361.135
1996.86472564 361.440 361.532
1996.86472564 361.510 361.532
1996.88390824 361.200 361.941
1996.90296752 360.970 362.385
1996.90296752 360.870 362.385
1996.92759563 363.190 363.031
1996.92759563 363.170 363.031
1996.94130427 363.590 363.415
1996.94130427 363.500 363.415
1996.96042046 364.050 363.948
1996.96042046 363.860 363.948
1996.97947974 365.330 364.435
1996.97947974 365.240 364.435
1996.99862439 364.910 364.833
1996.99862439 364.980 364.833
1997.01784247 365.660 365.108
1997.01784247 365.580 365.108
1997.05616058 365.260 365.267
1997.05616058 365.240 365.267
1997.07537101 364.140 365.197
1997.07537101 364.190 365.197
1997.09496766 364.950 365.081
1997.09496766 364.880 365.081
1997.11963470 365.230 364.942
1997.11963470 365.060 364.942
1997.13284817 365.580 364.894
1997.13284817 365.250 364.894
1997.17169330 364.080 364.931
1997.17169330 364.090 364.931
1997.19312595 366.360 365.070
1997.19312595 366.330 365.070
1997.20959475 365.210 365.227
1997.20959475 365.170 365.227
1997.22879186 365.920 365.455
1997.22879186 365.730 365.455
1997.25057839 366.160 365.755
1997.25057839 366.130 365.755
1997.26978310 363.700 366.038
1997.26978310 363.680 366.038
1997.28894597 367.330 366.317
1997.30536530 366.080 366.534
1997.30536530 366.240 366.534
1997.30536530 366.390 366.534
1997.32723554 367.320 366.762
1997.32723554 367.290 366.762
1997.32723554 367.360 366.762
1997.33828957 366.930 366.838
1997.33828957 366.720 366.838
1997.33828957 366.730 366.838
1997.34646119 365.450 366.874
1997.34646119 365.290 366.874
1997.34702245 364.480 366.875
1997.34702245 364.410 366.875
1997.34702245 364.710 366.875
1997.36563546 369.640 366.877
1997.36563546 369.730 366.877
1997.38529300 366.050 366.751
1997.38529300 365.690 366.751
1997.38529300 365.990 366.751
1997.44237633 365.160 365.588
1997.44237633 365.210 365.588
1997.44237633 365.330 365.588
1997.45886415 365.790 365.039
1997.45886415 365.850 365.039
1997.45886415 365.870 365.039
1997.48070015 366.140 364.174
1997.48070015 366.220 364.174
1997.48070015 366.310 364.174
1997.49717466 361.730 363.422
1997.49717466 361.590 363.422
1997.51958714 361.480 362.275
1997.51958714 361.430 362.275
1997.56070206 360.710 359.914
1997.56070206 360.530 359.914
1997.61492580 357.140 357.005
1997.61492580 356.970 357.005
1997.63144026 356.230 356.378
1997.63144026 356.450 356.378
1997.65058600 356.110 355.894
1997.65058600 356.120 355.894
1997.67292999 354.690 355.709
1997.67292999 354.840 355.709
1997.68614916 354.250 355.798
1997.68614916 354.220 355.798
1997.71404110 357.250 356.436
1997.71404110 357.120 356.436
1997.72723744 357.620 356.922
1997.72723744 357.770 356.922
1997.74647831 358.840 357.791
1997.74647831 358.730 357.791
1997.76561263 359.370 358.787
1997.76561263 359.370 358.787
1997.78753044 358.880 360.015
1997.78753044 358.690 360.015
1997.80398021 361.170 360.956
1997.80398021 361.050 360.956
1997.82328767 361.800 362.043
1997.82328767 361.880 362.043
1997.84515792 362.500 363.218
1997.84515792 362.570 363.218
1997.86210046 363.270 364.069
1997.86210046 363.420 364.069
1997.88078387 366.250 364.928
1997.88078387 366.290 364.928
1997.92191781 366.060 366.442
1997.92191781 366.030 366.442
1997.94430746 367.270 366.990
1997.94430746 367.280 366.990
1997.95796233 366.890 367.212
1997.95796233 366.870 367.212
1998.01504947 367.370 367.173
1998.01504947 367.340 367.173
1998.03695776 367.180 366.808
1998.03695776 367.260 366.808
1998.05393836 365.340 366.451
1998.05393836 365.360 366.451
1998.07263128 366.940 366.039
1998.07263128 367.030 366.039
1998.09175228 368.800 365.662
1998.09175228 368.910 365.662
1998.11640982 362.040 365.343
1998.11640982 361.960 365.343
1998.17405822 367.150 365.789
1998.17405822 367.230 365.789
1998.18775304 366.590 366.144
1998.18775304 366.750 366.144
1998.20730594 367.540 366.761
1998.20730594 367.550 366.761
1998.26697489 367.550 368.650
1998.26697489 367.490 368.650
1998.28347603 368.900 368.963
1998.28347603 369.120 368.963
1998.30533676 369.380 369.148
1998.30533676 369.510 369.148
1998.32225076 369.280 369.110
1998.32225076 369.270 369.110
1998.36609589 369.300 368.458
1998.36609589 369.270 368.458
1998.38482686 368.880 368.055
1998.38482686 368.750 368.055
1998.39908676 366.880 367.741
1998.39908676 366.750 367.741
1998.42045852 366.370 367.279
1998.42045852 366.420 367.279
1998.43738585 364.890 366.913
1998.43738585 364.490 366.913
1998.46155822 366.540 366.339
1998.46155822 366.580 366.339
1998.48072298 366.400 365.781
1998.48072298 366.400 365.781
1998.49987253 367.310 365.083
1998.49987253 367.230 365.083
1998.53875571 362.920 363.200
1998.53875571 362.750 363.200
1998.56065449 361.260 361.980
1998.56065449 361.250 361.980
1998.61496385 359.590 359.544
1998.61496385 359.480 359.544
1998.66974886 358.640 359.426
1998.66974886 358.700 359.426
1998.69440639 360.710 360.179
1998.69440639 360.680 360.179
1998.71361492 363.030 360.987
1998.71361492 363.010 360.987
1998.73005708 361.200 361.765
1998.73005708 361.210 361.765
1998.76563927 363.530 363.505
1998.76563927 363.500 363.505
1998.80674467 365.260 365.303
1998.80674467 365.260 365.303
1998.82651636 364.850 366.036
1998.82651636 364.900 366.036
1998.87807268 368.840 367.562
1998.87807268 368.750 367.562
1998.89724125 368.720 368.022
1998.89724125 368.770 368.022
1998.94104833 367.850 368.960
1998.94104833 367.790 368.960
1998.95754376 367.960 369.291
1998.95754376 368.060 369.291
1998.99314117 371.110 369.954
1998.99314117 371.190 369.954
1999.05942732 369.990 370.776
1999.05942732 369.970 370.776
1999.09722222 372.810 370.930
1999.09722222 372.780 370.930
1999.11628995 369.390 370.957
1999.11628995 369.470 370.957
1999.13554985 369.750 370.975
1999.13554985 369.790 370.975
1999.15527017 371.000 371.001
1999.15527017 371.080 371.001
1999.17169521 371.400 371.036
1999.17169521 371.400 371.036
1999.19360731 372.000 371.098
1999.19360731 372.000 371.098
1999.21278158 370.820 371.165
1999.21278158 370.800 371.165
1999.22921423 371.380 371.227
1999.24775495 371.760 371.303
1999.24775495 371.970 371.303
1999.28338661 370.110 371.485
1999.28338661 370.030 371.485
1999.30530822 372.260 371.635
1999.30530822 372.090 371.635
1999.32174657 371.750 371.766
1999.32174657 371.880 371.766
1999.34366438 373.370 371.942
1999.34366438 373.130 371.942
1999.36283866 371.260 372.059
1999.36283866 371.390 372.059
1999.38477169 370.730 372.086
1999.38477169 370.690 372.086
1999.40119292 372.070 371.986
1999.40119292 371.720 371.986
1999.47521309 371.880 369.805
1999.47521309 371.890 369.805
1999.49985731 366.750 368.581
1999.49985731 366.650 368.581
1999.62864155 365.070 364.034
1999.62864155 364.960 364.034
1999.64779300 362.890 363.962
1999.64779300 362.880 363.962
1999.68882610 364.540 364.341
1999.68882610 364.590 364.341
1999.82039574 368.170 367.635
1999.82039574 368.030 367.635
1999.84291286 367.560 367.974
1999.84291286 367.620 367.974
1999.86483067 368.510 368.225
1999.86483067 368.530 368.225
1999.88408105 367.550 368.425
1999.88408105 367.630 368.425
1999.89997146 368.460 368.605
1999.89997146 368.570 368.605
1999.91961568 369.550 368.873
1999.91961568 369.620 368.873
1999.94153349 368.340 369.245
1999.94153349 368.200 369.245
1999.95801941 368.860 369.567
1999.95801941 368.850 369.567
1999.97714992 371.290 369.958
1999.97714992 371.150 369.958
1999.99360731 371.180 370.277
1999.99360731 371.220 370.277
2000.01546372 370.290 370.622
2000.01546372 370.310 370.622
2000.03461787 370.030 370.812
2000.03461787 369.980 370.812
2000.05373406 370.890 370.881
2000.05373406 370.800 370.881
2000.07012751 370.630 370.853
2000.07012751 370.510 370.853
2000.09470818 371.230 370.718
2000.09470818 371.100 370.718
2000.11110162 372.970 370.620
2000.11110162 373.240 370.620
2000.13023679 369.930 370.562
2000.13023679 370.030 370.562
2000.16850713 369.380 370.822
2000.16850713 369.770 370.822
2000.18765179 370.850 371.180
2000.18765179 371.110 371.180
2000.22595059 371.930 372.229
2000.22595059 371.850 372.229
2000.26349044 374.780 373.317
2000.26349044 374.810 373.317
2000.28261612 373.920 373.744
2000.28261612 373.630 373.744
2000.30175129 374.450 374.021
2000.30175129 374.430 374.021
2000.32359404 374.340 374.118
2000.32359404 374.500 374.118
2000.33998368 371.290 374.021
2000.33998368 371.200 374.021
2000.35912834 373.330 373.719
2000.35912834 373.460 373.719
2000.37822936 373.280 373.220
2000.37822936 373.650 373.220
2000.39734176 372.820 372.546
2000.39734176 372.760 372.546
2000.41649590 372.190 371.734
2000.41649590 372.220 371.734
2000.43561210 372.200 370.846
2000.43561210 372.280 370.846
2000.45474727 371.630 369.954
2000.45474727 371.640 369.954
2000.49302709 365.260 368.450
2000.49302709 365.490 368.450
2000.51215278 367.960 367.942
2000.51215278 367.880 367.942
2000.53125000 368.180 367.608
2000.53125000 368.270 367.608
2000.55041363 364.630 367.412
2000.55041363 364.730 367.412
2000.56950137 368.780 367.292
2000.56950137 369.070 367.292
2000.61042805 367.600 366.972
2000.61042805 367.590 366.972
2000.62682149 367.500 366.749
2000.62682149 367.520 366.749
2000.68429341 365.450 365.763
2000.68429341 365.560 365.763
2000.70340012 363.150 365.569
2000.70340012 363.180 365.569
2000.72249734 365.630 365.543
2000.72249734 365.760 365.543
2000.73897617 366.960 365.675
2000.73897617 366.950 365.675
2000.75802596 365.870 366.002
2000.75802596 365.780 366.002
2000.78051002 366.980 366.593
2000.78051002 367.060 366.593
2000.79899059 367.540 367.195
2000.79899059 367.430 367.195
2000.81815422 368.050 367.882
2000.81815422 367.960 367.882
2000.83727990 368.100 368.590
2000.83727990 368.200 368.590
2000.85655738 369.350 369.296
2000.85655738 369.320 369.296
2000.89534001 369.890 370.612
2000.89534001 369.820 370.612
2000.91664769 370.980 371.240
2000.91664769 370.970 371.240
2000.93349651 373.050 371.669
2000.93349651 372.980 371.669
2000.95210041 372.200 372.060
2000.95210041 372.230 372.060
2000.97183326 373.160 372.367
2000.99095894 372.850 372.552
2000.99095894 372.750 372.552
2001.00953767 370.380 372.633
2001.00953767 370.380 372.633
2001.02853881 373.350 372.633
2001.02853881 373.290 372.633
2001.04789764 372.790 372.576
2001.04789764 372.890 372.576
2001.06415525 373.180 372.514
2001.06415525 373.170 372.514
2001.08342846 372.110 372.459
2001.08342846 372.130 372.459
2001.16606735 373.040 373.231
2001.16606735 373.020 373.231
2001.18208714 373.320 373.631
2001.18208714 373.300 373.631
2001.20121766 374.550 374.189
2001.20121766 374.470 374.189
2001.22049087 375.990 374.793
2001.22049087 376.010 374.793
2001.23953577 374.640 375.371
2001.23953577 374.710 375.371
2001.25870434 374.510 375.862
2001.25870434 374.550 375.862
2001.29710807 376.730 376.304
2001.29710807 376.740 376.304
2001.31894977 378.920 376.120
2001.33542618 375.080 375.763
2001.33542618 374.930 375.763
2001.45330099 371.080 371.411
2001.46971081 372.330 371.091
2001.46971081 372.200 371.091
2001.48891743 370.070 370.832
2001.48891743 370.100 370.832
2001.50803843 369.520 370.637
2001.50803843 369.440 370.637
2001.52725457 368.980 370.422
2001.52725457 368.870 370.422
2001.54640411 372.150 370.114
2001.54640411 372.270 370.114
2001.56556317 370.820 369.664
2001.56556317 370.670 369.664
2001.58477930 370.600 369.063
2001.58477930 370.530 369.063
2001.60400495 365.300 368.349
2001.60400495 365.070 368.349
2001.62317352 370.240 367.603
2001.62317352 370.300 367.603
2001.64235160 366.780 366.922
2001.64235160 366.650 366.922
2001.66769406 364.900 366.290
2001.66769406 364.700 366.290
2001.69983828 366.560 366.153
2001.69983828 366.510 366.153
2001.98810883 372.120 373.240
2001.98810883 372.070 373.240
2002.00947489 375.030 373.724
2002.00947489 374.990 373.724
2002.02910959 376.650 374.139
2002.02910959 376.690 374.139
2002.05114155 373.830 374.567
2002.05114155 373.790 374.567
2002.06215753 374.330 374.768
2002.06215753 374.330 374.768
2002.08404680 374.350 375.152
2002.10319635 374.450 375.479
2002.10319635 374.430 375.479
2002.11966324 376.620 375.751
2002.11966324 376.500 375.751
2002.14452055 374.400 376.125
2002.14452055 374.610 376.125
2002.16347032 377.990 376.353
2002.16347032 377.980 376.353
2002.23470320 375.990 376.544
2002.23470320 375.990 376.544
2002.26763699 376.800 376.433
2002.26763699 376.830 376.433
2002.29223744 376.140 376.410
2002.29223744 376.160 376.410
2002.31137747 375.590 376.450
2002.31137747 375.640 376.450
2002.34971461 375.840 376.562
2002.34971461 375.930 376.562
2002.36894977 378.060 376.522
2002.36894977 378.080 376.522
2002.39086758 376.790 376.290
2002.39086758 376.670 376.290
2002.40947489 375.980 375.890
2002.40947489 376.030 375.890
2002.42922374 375.750 375.252
2002.42922374 375.820 375.252
2002.46212900 373.630 373.805
2002.46212900 373.650 373.805
2002.48127854 371.560 372.866
2002.48127854 371.480 372.866
2002.50861872 372.400 371.614
2002.50861872 372.360 371.614
2002.52226027 370.720 371.091
2002.52226027 370.770 371.091
2002.70328196 371.740 369.816
2002.70328196 371.640 369.816
2002.74703196 367.040 369.839
2002.74703196 367.340 369.839
2002.76078767 370.420 369.979
2002.76078767 370.440 369.979
2002.77999429 369.820 370.319
2002.77999429 369.850 370.319
2002.79908676 371.570 370.821
2002.79908676 371.450 370.821
2002.81820776 371.520 371.458
2002.81820776 371.550 371.458
2002.83744292 371.680 372.181
2002.83744292 371.790 372.181
2002.85667808 372.630 372.919
2002.85667808 372.610 372.919
2002.87591324 373.970 373.605
2002.87591324 373.710 373.605
2002.89777397 375.840 374.259
2002.89777397 376.020 374.259
2002.91421233 374.160 374.641
2002.91421233 374.000 374.641
2002.95262557 374.670 375.201
2002.95262557 374.730 375.201
2002.97180365 376.260 375.377
2003.02374429 375.150 375.954
2003.02374429 375.210 375.954
2003.05125571 376.540 376.462
2003.05125571 376.540 376.462
2003.21004566 380.000 379.109
2003.21004566 379.940 379.109
2003.22922374 378.810 379.247
2003.24840183 379.030 379.415
2003.24840183 378.940 379.415
2003.26757991 377.460 379.621
2003.26757991 377.310 379.621
2003.28675799 380.150 379.852
2003.28675799 380.140 379.852
2003.30582192 380.980 380.071
2003.30582192 380.930 380.071
2003.37448630 380.040 380.045
2003.37448630 379.950 380.045
2003.39349315 379.060 379.648
2003.39349315 379.050 379.648
2003.41267123 379.860 379.052
2003.41267123 379.800 379.052
2003.43190639 378.440 378.274
2003.43190639 378.660 378.274
2003.45114155 375.210 377.348
2003.45114155 375.040 377.348
2003.47031963 377.120 376.317
2003.47031963 377.100 376.317
2003.48944064 377.030 375.228
2003.48944064 376.870 375.228
2003.50873288 374.090 374.116
2003.50873288 373.820 374.116
2003.52791096 372.670 373.043
2003.52791096 372.390 373.043
2003.71678082 370.610 370.466
2003.71678082 370.510 370.466
2003.73613014 371.660 371.161
2003.75525114 371.420 371.946
2003.75525114 371.700 371.946
2003.77448630 372.690 372.786
2003.77448630 372.690 372.786
2003.79366438 372.890 373.622
2003.79366438 372.810 373.622
2003.81284247 374.360 374.405
2003.81284247 374.290 374.405
2003.83207763 374.870 375.096
2003.83207763 374.910 375.096
2003.85125571 376.440 375.669
2003.85125571 376.400 375.669
2003.87026256 377.560 376.121
2003.87026256 377.610 376.121
2003.88961187 376.200 376.482
2003.88961187 376.110 376.482
2003.90878995 376.100 376.778
2003.90878995 376.050 376.778
2004.05931239 379.840 379.656
2004.05931239 379.780 379.656
2004.07843807 379.570 379.949
2004.07843807 379.450 379.949
2004.09744991 380.680 380.168
2004.09744991 380.590 380.168
2004.11657559 381.520 380.324
2004.11657559 381.520 380.324
2004.13581512 379.090 380.432
2004.13581512 379.170 380.432
2004.17395264 380.770 380.580
2004.17395264 380.840 380.580
2004.19307832 380.010 380.652
2004.19307832 379.960 380.652
2004.21220401 381.730 380.735
2004.21220401 381.690 380.735
2004.23138661 381.890 380.829
2004.23138661 381.830 380.829
2004.25034153 380.440 380.925
2004.25034153 380.380 380.925
2004.44165528 379.390 378.920
2004.44165528 379.360 378.920
2004.46083789 377.250 378.390
2004.46083789 377.160 378.390
2004.47984973 377.300 377.838
2004.49886157 377.500 377.243
2004.49886157 377.600 377.243
2004.51810109 375.570 376.571
2004.51810109 375.640 376.571
2004.54003491 376.960 375.689
2004.54003491 376.840 375.689
2004.55587811 372.220 374.971
2004.55587811 372.300 374.971
2004.57557301 376.500 374.005
2004.57557301 376.500 374.005
2004.59686172 375.380 372.933
2004.59686172 375.640 372.933
2004.63569179 368.780 371.258
2004.63569179 368.800 371.258
2004.65206626 368.880 370.798
2004.65206626 368.920 370.798
2004.69034608 370.130 370.526
2004.69034608 370.030 370.526
2004.70947177 373.790 370.809
2004.70947177 373.860 370.809
2004.72859745 371.580 371.313
2004.72859745 371.470 371.313
2004.76684882 372.930 372.729
2004.76684882 372.730 372.729
2004.78597450 372.790 373.520
2004.78597450 372.960 373.520
2004.80510018 374.590 374.310
2004.80510018 374.580 374.310
2004.82422587 374.100 375.074
2004.82422587 374.070 375.074
2004.84335155 375.990 375.793
2004.84335155 375.900 375.793
2004.86247723 375.960 376.447
2004.86247723 375.980 376.447
2004.88160291 377.200 377.012
2004.88160291 377.220 377.012
2004.91985428 378.130 377.759
2004.91985428 378.170 377.759
2005.09229452 376.680 378.169
2005.09229452 376.790 378.169
2005.11147260 380.910 378.756
2005.11147260 380.880 378.756
2005.13059361 379.910 379.424
2005.13059361 379.990 379.424
2005.15000000 379.500 380.118
2005.15000000 379.560 380.118
2005.16894977 380.410 380.759
2005.16894977 380.330 380.759
2005.18812785 380.760 381.337
2005.18812785 380.680 381.337
2005.20730594 383.080 381.838
2005.20730594 383.060 381.838
2005.22654110 382.990 382.284
2005.22654110 382.890 382.284
2005.24571918 382.990 382.704
2005.24571918 383.000 382.704
2005.26472603 382.770 383.131
2005.26472603 382.740 383.131
2005.28390411 383.380 383.590
2005.28390411 383.320 383.590
2005.30308219 382.910 384.072
2005.30308219 382.830 384.072
2005.32226027 382.030 384.544
2005.32226027 382.000 384.544
2005.34143836 386.910 384.952
2005.34143836 387.060 384.952
2005.59086758 374.680 374.780
2005.59086758 374.540 374.780
2005.62922374 372.300 373.690
2005.62922374 372.250 373.690
2005.64840183 374.870 373.485
2005.64840183 374.740 373.485
2005.66757991 373.830 373.498
2005.66757991 373.790 373.498
2005.68674848 373.100 373.718
2005.68674848 373.340 373.718
2005.70593607 375.890 374.136
2005.70593607 376.160 374.136
2005.72509513 374.610 374.737
2005.72509513 374.540 374.737
2005.78264840 376.600 377.483
2005.78264840 376.620 377.483
2005.80182648 378.750 378.604
2005.80182648 378.800 378.604
2005.82100457 379.480 379.742
2005.82100457 379.390 379.742
2005.84018265 380.760 380.833
2005.84018265 380.710 380.833
2005.85936073 382.850 381.814
2005.85936073 382.650 381.814
2006.37705480 384.270 384.541
2006.37705480 384.040 384.541
2006.39083904 384.620 384.408
2006.39083904 384.510 384.408
2006.41541096 384.400 384.137
2006.41541096 384.410 384.137
2006.43458904 381.710 383.853
2006.43458904 381.730 383.853
2006.45376712 384.710 383.457
2006.45376712 384.850 383.457
2006.47294521 383.970 382.906
2006.47294521 383.870 382.906
2006.49212329 380.340 382.172
2006.49212329 380.340 382.172
2006.51130137 383.250 381.254
2006.51130137 383.310 381.254
2006.54701294 378.530 379.184
2006.54701294 378.590 379.184
2006.56620053 378.120 378.010
2006.56620053 378.120 378.010
2006.58801370 374.430 376.769
2006.58801370 374.330 376.769
2006.60719178 378.160 375.854
2006.60719178 378.240 375.854
2006.62645548 374.470 375.171
2006.62645548 374.420 375.171
2006.72226027 376.250 375.606
2006.72226027 376.190 375.606
2006.74143836 376.580 376.256
2006.74143836 376.650 376.256
2006.76073059 375.910 377.001
2006.76073059 375.960 377.001
2006.77990868 378.300 377.795
2006.77990868 378.330 377.795
2006.81826484 378.620 379.416
2006.81826484 378.740 379.416
2006.83744292 379.970 380.187
2006.83744292 379.960 380.187
2006.85662101 381.750 380.901
2006.85662101 381.630 380.901
2006.87305936 380.890 381.460
2006.87305936 381.030 381.460
2006.89497717 382.870 382.130
2006.89497717 382.690 382.130
2006.93333333 383.490 383.159
2006.93333333 383.790 383.159
2006.95228311 382.500 383.648
2006.95228311 382.460 383.648
2006.97168950 384.190 384.161
2006.97168950 384.100 384.161
2006.99086758 384.340 384.683
2006.99086758 384.180 384.683
2007.01004566 384.900 385.206
2007.01004566 384.810 385.206
2007.02922374 385.170 385.695
2007.02922374 385.330 385.695
2007.04566210 388.390 386.058
2007.04566210 388.490 386.058
2007.06757991 385.730 386.416
2007.06757991 385.770 386.416
2007.08675799 385.310 386.587
2007.08675799 385.170 386.587
2007.10593607 387.270 386.629
2007.10593607 387.360 386.629
2007.12511415 386.520 386.573
2007.12511415 386.420 386.573
2007.14429224 388.200 386.471
2007.14429224 388.130 386.471
2007.16347032 387.050 386.384
2007.16347032 386.630 386.384
2007.18264840 383.900 386.364
2007.18264840 383.750 386.364
2007.20182648 386.170 386.442
2007.20182648 386.110 386.442
2007.22101408 387.950 386.615
2007.22101408 387.920 386.615
2007.24014460 385.120 386.847
2007.24014460 385.250 386.847
2007.25935122 387.810 387.084
2007.25935122 387.740 387.084
2007.27792998 387.220 387.256
2007.27792998 387.510 387.256
2007.29771689 387.720 387.326
2007.29771689 387.650 387.326
2007.31689498 388.200 387.254
2007.31689498 388.140 387.254
2007.33604452 388.120 387.048
2007.33604452 388.050 387.048
2007.35525114 385.530 386.731
2007.35525114 385.540 386.731
2007.37442922 386.230 386.342
2007.37442922 386.040 386.342
2007.39360731 384.310 385.910
2007.39360731 384.000 385.910
2007.41278539 386.070 385.443
2007.41278539 385.960 385.443
2007.45114155 384.740 384.303
2007.45114155 385.130 384.303
2007.47006278 382.680 383.550
2007.47006278 382.760 383.550
2007.48945966 381.250 382.595
2007.48945966 381.210 382.595
2007.50867580 383.320 381.462
2007.50867580 383.120 381.462
2007.52782534 382.760 380.187
2007.52782534 382.420 380.187
2007.54700342 378.860 378.849
2007.54700342 378.910 378.849
2007.56621005 376.130 377.567
2007.56621005 376.200 377.567
2007.58538813 374.880 376.474
2007.58538813 375.250 376.474
2007.60462329 375.210 375.679
2007.60462329 375.280 375.679
2007.68127854 376.370 376.283
2007.68127854 376.040 376.283
2007.70042808 378.460 377.154
2007.70042808 378.540 377.154
2007.71959665 377.650 378.128
2007.71959665 377.640 378.128
2007.75522260 380.160 379.918
2007.75522260 380.180 379.918
2007.77716895 380.440 380.892
2007.77716895 380.580 380.892
2007.79634703 381.760 381.641
2007.79634703 381.640 381.641
2007.81552511 383.860 382.307
2007.81552511 383.920 382.307
2007.83470320 381.580 382.911
2007.83470320 381.590 382.911
2007.85388128 382.750 383.470
2007.85388128 382.700 383.470
2007.87305936 383.540 383.997
2007.87305936 383.410 383.997
2007.89223744 385.220 384.497
2007.89223744 384.890 384.497
2007.91140601 385.670 384.953
2007.91140601 385.850 384.953
