 ******************************************************* 
 * ODRPACK VERSION 2.01 OF 06-19-92 (DOUBLE PRECISION) * 
 ******************************************************* 


 *** INITIAL SUMMARY FOR FIT BY METHOD OF ODR ***

 --- PROBLEM SIZE:
            N =    23          (NUMBER WITH NONZERO WEIGHT =    21)
           NQ =     2
            M =     1
           NP =     5          (NUMBER UNFIXED =     5)

 --- CONTROL VALUES:
          JOB = 01010
              = ABCDE, WHERE
                       A=0 ==> FIT IS NOT A RESTART.
                       B=1 ==> DELTAS ARE INITIALIZED BY USER.
                       C=0 ==> COVARIANCE MATRIX WILL BE COMPUTED USING
                               DERIVATIVES RE-EVALUATED AT THE SOLUTION.
                       D=1 ==> DERIVATIVES ARE ESTIMATED BY CENTRAL DIFFERENCES.
                       E=0 ==> METHOD IS EXPLICIT ODR.
       NDIGIT =    16          (ESTIMATED BY ODRPACK)
       TAUFAC =     1.00E+00

 --- STOPPING CRITERIA:
        SSTOL =     1.49E-08   (SUM OF SQUARES STOPPING TOLERANCE)
       PARTOL =     3.67E-11   (PARAMETER STOPPING TOLERANCE)
        MAXIT =    50          (MAXIMUM NUMBER OF ITERATIONS)

 --- INITIAL WEIGHTED SUM OF SQUARES        =                    1.71064070E+03
         SUM OF SQUARED WEIGHTED DELTAS     =   2.01382943E-04
         SUM OF SQUARED WEIGHTED EPSILONS   =   1.71064050E+03

 --- FUNCTION PARAMETER SUMMARY:

       INDEX         BETA(K)    FIXED           SCALE    DERIVATIVE
                                                          STEP SIZE
         (K)                  (IFIXB)          (SCLB)        (STPB)

           1  4.00000000E+00       NO  2.50000000E-01   4.64159E-06
           2  2.00000000E+00       NO  5.00000000E-01   4.64159E-06
           3  7.00000000E+00       NO  1.42857143E-01   4.64159E-06
           4  4.00000000E-01       NO  2.50000000E+00   4.64159E-06
           5  5.00000000E-01       NO  2.00000000E+00   4.64159E-06

 --- EXPLANATORY VARIABLE AND DELTA WEIGHT SUMMARY:

       INDEX      X(I,J)  DELTA(I,J)    FIXED     SCALE    WEIGHT    DERIVATIVE
                                                                      STEP SIZE
       (I,J)                          (IFIXX)    (SCLD)      (WD)        (STPD)

         1,1   3.000E+01   0.000E+00      YES  3.33E-02  1.11E-07   4.64159E-06
         N,1   1.500E+05   1.440E+05       NO  6.67E-06  4.44E-15   4.64159E-06

 --- RESPONSE VARIABLE AND EPSILON ERROR WEIGHT SUMMARY:

       INDEX      Y(I,L)      WEIGHT
       (I,L)                    (WE)

         1,1   4.220E+00   5.596E+02
         N,1   2.759E+00   5.596E+02
 
         1,2   1.360E-01   8.397E+03
         N,2   1.390E-01   8.397E+03

 *** FINAL SUMMARY FOR FIT BY METHOD OF ODR ***

 --- STOPPING CONDITIONS:
         INFO =     1 ==> SUM OF SQUARES CONVERGENCE.
        NITER =     8          (NUMBER OF ITERATIONS)
         NFEV =   121          (NUMBER OF FUNCTION EVALUATIONS)
        IRANK =     0          (RANK DEFICIENCY)
        RCOND =     8.15E-03   (INVERSE CONDITION NUMBER)
        ISTOP =     0          (RETURNED BY USER FROM SUBROUTINE FCN)

 --- FINAL WEIGHTED SUMS OF SQUARES       =                     4.20538922E-01
         SUM OF SQUARED WEIGHTED DELTAS   =    5.54021897E-04
         SUM OF SQUARED WEIGHTED EPSILONS =    4.19984900E-01

 --- RESIDUAL STANDARD DEVIATION          =                     1.62122431E-01
         DEGREES OF FREEDOM               =   16

 --- ESTIMATED BETA(J), J = 1, ..., NP:

                     BETA      S.D. BETA    ---- 95%  CONFIDENCE INTERVAL ----

       1   4.37998803E+00     1.3063E-02     4.35229388E+00 TO  4.40768218E+00
       2   2.43330576E+00     1.3050E-02     2.40563820E+00 TO  2.46097332E+00
       3   8.00288459E+00     1.1671E-01     7.75544803E+00 TO  8.25032115E+00
       4   5.10114716E-01     1.3264E-02     4.81992824E-01 TO  5.38236609E-01
       5   5.17390233E-01     2.8853E-02     4.56218498E-01 TO  5.78561968E-01

 --- ESTIMATED EPSILON(I) AND DELTA(I,*), I = 1, ..., N:

         I    EPSILON(I,1)    EPSILON(I,2)      DELTA(I,1)

         1 -7.38558794E-03  1.25939187E-03  0.00000000E+00
         2 -1.05614733E-03 -1.22846292E-03  0.00000000E+00
         3 -2.70863920E-03 -2.14347329E-03  0.00000000E+00
         4  4.68593517E-02 -4.25940138E-03  0.00000000E+00
         5  8.08102389E-03 -3.47539194E-03  0.00000000E+00
         6  1.53882522E-03  3.85293713E-04  3.03694400E+01
         7  4.60535703E-03  1.19118896E-03  3.78986750E+01
         8  4.50906164E-03  1.23570892E-03  6.22630487E+01
         9 -1.00621895E-03 -2.91865043E-04  1.11186980E+02
        10  1.05810802E-02  3.27284194E-03  1.15709877E+02
        11  6.93622739E-03  2.43482106E-03  2.41436591E+02
        12  3.95828008E-05  1.75905012E-05  9.61344532E+02
        13 -3.77617796E-03 -2.42907814E-03  1.33029845E+03
        14 -5.56734976E-04 -1.70123784E-03  2.07511566E+03
        15  2.08263807E-03 -2.23723233E-03  2.90289532E+03
        16 -7.50689916E-03  2.16462893E-03  5.21815818E+03
        17 -1.56731845E-03  2.03367085E-04  7.54564636E+03
        18 -5.93223183E-04  2.72069171E-05  1.74201021E+04
        19  1.15260099E-04 -2.42126134E-07  2.42745472E+04
        20  2.63641111E-04  5.18510317E-06  3.78492052E+04
        21 -3.81011180E-04 -1.03963850E-05  5.53493280E+04
        22 -3.36822611E-04 -1.26141392E-05  8.75791432E+04
        23  2.87173883E-03  1.41199841E-04  1.29496300E+05
