 ******************************************************* 
 * ODRPACK VERSION 2.01 OF 06-19-92 (SINGLE PRECISION) * 
 ******************************************************* 


 *** INITIAL SUMMARY FOR FIT BY METHOD OF ODR ***

 --- PROBLEM SIZE:
            N =    23          (NUMBER WITH NONZERO WEIGHT =    21)
           NQ =     2
            M =     1
           NP =     5          (NUMBER UNFIXED =     5)

 --- CONTROL VALUES:
          JOB = 01010
              = ABCDE, WHERE
                       A=0 ==> FIT IS NOT A RESTART.
                       B=1 ==> DELTAS ARE INITIALIZED BY USER.
                       C=0 ==> COVARIANCE MATRIX WILL BE COMPUTED USING
                               DERIVATIVES RE-EVALUATED AT THE SOLUTION.
                       D=1 ==> DERIVATIVES ARE ESTIMATED BY CENTRAL DIFFERENCES.
                       E=0 ==> METHOD IS EXPLICIT ODR.
       NDIGIT =     7          (ESTIMATED BY ODRPACK)
       TAUFAC =     1.00E+00

 --- STOPPING CRITERIA:
        SSTOL =     3.45E-04   (SUM OF SQUARES STOPPING TOLERANCE)
       PARTOL =     2.42E-05   (PARAMETER STOPPING TOLERANCE)
        MAXIT =    50          (MAXIMUM NUMBER OF ITERATIONS)

 --- INITIAL WEIGHTED SUM OF SQUARES        =                    1.71064001E+03
         SUM OF SQUARED WEIGHTED DELTAS     =   2.01382936E-04
         SUM OF SQUARED WEIGHTED EPSILONS   =   1.71063977E+03

 --- FUNCTION PARAMETER SUMMARY:

       INDEX         BETA(K)    FIXED           SCALE    DERIVATIVE
                                                          STEP SIZE
         (K)                  (IFIXB)          (SCLB)        (STPB)

           1  4.00000000E+00       NO  2.50000000E-01   4.64159E-03
           2  2.00000000E+00       NO  5.00000000E-01   4.64159E-03
           3  7.00000000E+00       NO  1.42857149E-01   4.64159E-03
           4  4.00000006E-01       NO  2.50000000E+00   4.64159E-03
           5  5.00000000E-01       NO  2.00000000E+00   4.64159E-03

 --- EXPLANATORY VARIABLE AND DELTA WEIGHT SUMMARY:

       INDEX      X(I,J)  DELTA(I,J)    FIXED     SCALE    WEIGHT    DERIVATIVE
                                                                      STEP SIZE
       (I,J)                          (IFIXX)    (SCLD)      (WD)        (STPD)

         1,1   3.000E+01   0.000E+00      YES  3.33E-02  1.11E-07   4.64159E-03
         N,1   1.500E+05   1.440E+05       NO  6.67E-06  4.44E-15   4.64159E-03

 --- RESPONSE VARIABLE AND EPSILON ERROR WEIGHT SUMMARY:

       INDEX      Y(I,L)      WEIGHT
       (I,L)                    (WE)

         1,1   4.220E+00   5.596E+02
         N,1   2.759E+00   5.596E+02
 
         1,2   1.360E-01   8.397E+03
         N,2   1.390E-01   8.397E+03

 *** FINAL SUMMARY FOR FIT BY METHOD OF ODR ***

 --- STOPPING CONDITIONS:
         INFO =     1 ==> SUM OF SQUARES CONVERGENCE.
        NITER =     6          (NUMBER OF ITERATIONS)
         NFEV =    95          (NUMBER OF FUNCTION EVALUATIONS)
        IRANK =     0          (RANK DEFICIENCY)
        RCOND =     8.15E-03   (INVERSE CONDITION NUMBER)
        ISTOP =     0          (RETURNED BY USER FROM SUBROUTINE FCN)

 --- FINAL WEIGHTED SUMS OF SQUARES       =                     4.20537651E-01
         SUM OF SQUARED WEIGHTED DELTAS   =    5.54230006E-04
         SUM OF SQUARED WEIGHTED EPSILONS =    4.19983417E-01

 --- RESIDUAL STANDARD DEVIATION          =                     1.62122190E-01
         DEGREES OF FREEDOM               =   16

 --- ESTIMATED BETA(J), J = 1, ..., NP:

                     BETA      S.D. BETA    ---- 95%  CONFIDENCE INTERVAL ----

       1   4.38000774E+00     1.3061E-02     4.35231733E+00 TO  4.40769815E+00
       2   2.43329072E+00     1.3051E-02     2.40562201E+00 TO  2.46095943E+00
       3   8.00291824E+00     1.1671E-01     7.75548792E+00 TO  8.25034904E+00
       4   5.10100305E-01     1.3262E-02     4.81982708E-01 TO  5.38217902E-01
       5   5.17396033E-01     2.8852E-02     4.56226617E-01 TO  5.78565419E-01

 --- ESTIMATED EPSILON(I) AND DELTA(I,*), I = 1, ..., N:

         I    EPSILON(I,1)    EPSILON(I,2)      DELTA(I,1)

         1 -7.37619400E-03  1.26194954E-03  0.00000000E+00
         2 -1.04808807E-03 -1.22661889E-03  0.00000000E+00
         3 -2.70128250E-03 -2.14228034E-03  0.00000000E+00
         4  4.68664169E-02 -4.25900519E-03  0.00000000E+00
         5  8.08811188E-03 -3.47596407E-03  0.00000000E+00
         6  1.53279305E-03  3.87996435E-04  3.03873405E+01
         7  4.62508202E-03  1.18598342E-03  3.78780975E+01
         8  4.52923775E-03  1.23101473E-03  6.22339783E+01
         9 -1.00851059E-03 -2.93433666E-04  1.11236298E+02
        10  1.05414391E-02  3.27295065E-03  1.15975281E+02
        11  6.92939758E-03  2.43240595E-03  2.41593994E+02
        12  3.40938568E-05  1.49011612E-05  9.61610291E+02
        13 -3.77202034E-03 -2.43052840E-03  1.33050720E+03
        14 -5.64336777E-04 -1.70415640E-03  2.07591309E+03
        15  2.09474564E-03 -2.23565102E-03  2.90294995E+03
        16 -7.42697716E-03  2.18445063E-03  5.21201221E+03
        17 -1.56402588E-03  2.04443932E-04  7.54683057E+03
        18 -5.94615936E-04  2.75820494E-05  1.74232148E+04
        19  1.11341476E-04 -2.23517418E-07  2.42800742E+04
        20  2.57968903E-04  5.05149364E-06  3.78594922E+04
        21 -3.87668610E-04 -1.04606152E-05  5.53648477E+04
        22 -3.44991684E-04 -1.28448009E-05  8.76049844E+04
        23  2.86173820E-03  1.40488148E-04  1.29541234E+05
