 ******************************************************* 
 * ODRPACK VERSION 2.01 OF 06-19-92 (DOUBLE PRECISION) * 
 ******************************************************* 


 *** INITIAL SUMMARY FOR FIT BY METHOD OF ODR ***

 --- PROBLEM SIZE:
            N =    20          (NUMBER WITH NONZERO WEIGHT =    20)
           NQ =     1
            M =     2
           NP =     5          (NUMBER UNFIXED =     5)

 --- CONTROL VALUES:
          JOB = 00001
              = ABCDE, WHERE
                       A=0 ==> FIT IS NOT A RESTART.
                       B=0 ==> DELTAS ARE INITIALIZED TO ZERO.
                       C=0 ==> COVARIANCE MATRIX WILL BE COMPUTED USING
                               DERIVATIVES RE-EVALUATED AT THE SOLUTION.
                       D=0 ==> DERIVATIVES ARE ESTIMATED BY FORWARD DIFFERENCES.
                       E=1 ==> METHOD IS IMPLICIT ODR.
       NDIGIT =    15          (ESTIMATED BY ODRPACK)
       TAUFAC =     1.00D+00

 --- STOPPING CRITERIA:
        SSTOL =     1.49D-08   (SUM OF SQUARES STOPPING TOLERANCE)
       PARTOL =     6.06D-06   (PARAMETER STOPPING TOLERANCE)
        MAXIT =   100          (MAXIMUM NUMBER OF ITERATIONS)

 --- INITIAL SUM OF SQUARED WEIGHTED DELTAS =                     .00000000D+00
         INITIAL PENALTY FUNCTION VALUE     =   8.39823392D-01
                 PENALTY TERM               =   8.39823392D-01
                 PENALTY PARAMETER          =   1.0D+01

 --- FUNCTION PARAMETER SUMMARY:

       INDEX         BETA(K)    FIXED           SCALE    DERIVATIVE
                                                          STEP SIZE
         (K)                  (IFIXB)          (SCLB)        (STPB)

           1 -1.00000000D+00       NO  1.00000000D+00   3.16228D-10
           2 -3.00000000D+00       NO  3.33333333D-01   3.16228D-10
           3  9.00000000D-02       NO  1.11111111D+01   3.16228D-10
           4  2.00000000D-02       NO  5.00000000D+01   3.16228D-10
           5  8.00000000D-02       NO  1.25000000D+01   3.16228D-10

 --- EXPLANATORY VARIABLE AND DELTA WEIGHT SUMMARY:

       INDEX      X(I,J)  DELTA(I,J)    FIXED     SCALE    WEIGHT    DERIVATIVE
                                                                      STEP SIZE
       (I,J)                          (IFIXX)    (SCLD)      (WD)        (STPD)

         1,1   5.000D-01    .000D+00       NO  2.00D+00  1.00D+00   3.16228D-10
         N,1  -3.440D+00    .000D+00       NO  2.91D-01  1.00D+00   3.16228D-10
 
         1,2  -1.200D-01    .000D+00       NO  8.33D+00  1.00D+00   3.16228D-10
         N,2  -4.860D+00    .000D+00       NO  2.06D-01  1.00D+00   3.16228D-10

 *** FINAL SUMMARY FOR FIT BY METHOD OF ODR ***

 --- STOPPING CONDITIONS:
         INFO =     2 ==> PARAMETER CONVERGENCE.
        NITER =    18          (NUMBER OF ITERATIONS)
         NFEV =   217          (NUMBER OF FUNCTION EVALUATIONS)
        IRANK =     0          (RANK DEFICIENCY)
        RCOND =     3.18D-02   (INVERSE CONDITION NUMBER)
        ISTOP =     0          (RETURNED BY USER FROM SUBROUTINE FCN)

 --- FINAL SUM OF SQUARED WEIGHTED DELTAS =                     8.82420346D-02
         FINAL PENALTY FUNCTION VALUE     =    8.82445616D-02
               PENALTY TERM               =    2.52700897D-06
               PENALTY PARAMETER          =    1.0D+05

 --- RESIDUAL STANDARD DEVIATION          =                     7.66994283D-02
         DEGREES OF FREEDOM               =   15

 --- ESTIMATED BETA(J), J = 1, ..., NP:

                     BETA      S.D. BETA    ---- 95%  CONFIDENCE INTERVAL ----

       1  -9.99380972D-01     1.1138D-01    -1.23682206D+00 TO -7.61939883D-01
       2  -2.93104848D+00     1.0977D-01    -3.16504351D+00 TO -2.69705344D+00
       3   8.75730479D-02     4.1061D-03     7.88199915D-02 TO  9.63261044D-02
       4   1.62299739D-02     2.7500D-03     1.03676338D-02 TO  2.20923140D-02
       5   7.97538008D-02     3.4963D-03     7.23007073D-02 TO  8.72068944D-02
